TN:
SF:src/app.ts
FN:26,(anonymous_1)
FN:37,init
FN:42,close
FNF:3
FNH:2
FNDA:1,(anonymous_1)
FNDA:11,init
FNDA:0,close
DA:1,11
DA:2,11
DA:3,11
DA:4,11
DA:6,11
DA:8,11
DA:10,11
DA:11,11
DA:20,11
DA:22,11
DA:23,11
DA:26,1
DA:37,11
DA:38,11
DA:39,11
DA:42,11
DA:43,0
DA:46,11
LF:18
LH:17
BRF:0
BRH:0
end_of_record
TN:
SF:src/server.ts
FN:5,(anonymous_6)
FN:6,(anonymous_7)
FNF:2
FNH:0
FNDA:0,(anonymous_6)
FNDA:0,(anonymous_7)
DA:1,0
DA:3,0
DA:5,0
DA:6,0
DA:8,0
LF:5
LH:0
BRDA:3,0,0,0
BRDA:3,0,1,0
BRF:2
BRH:0
end_of_record
TN:
SF:src/config/database.ts
FN:4,connectDb
FN:8,disconnectDB
FNF:2
FNH:1
FNDA:11,connectDb
FNDA:0,disconnectDB
DA:1,14
DA:4,14
DA:5,11
DA:8,14
DA:9,0
LF:5
LH:4
BRF:0
BRH:0
end_of_record
TN:
SF:src/config/envs.ts
FN:4,loadEnv
FNF:1
FNH:1
FNDA:25,loadEnv
DA:1,14
DA:2,14
DA:4,14
DA:6,25
DA:12,25
DA:13,25
LF:6
LH:6
BRDA:6,0,0,25
BRDA:6,0,1,0
BRDA:8,1,0,0
BRDA:8,1,1,0
BRF:4
BRH:1
end_of_record
TN:
SF:src/config/index.ts
FNF:0
FNH:0
DA:1,14
DA:2,14
LF:2
LH:2
BRF:0
BRH:0
end_of_record
TN:
SF:src/controllers/authentication-controller.ts
FN:5,singInPost
FNF:1
FNH:1
FNDA:5,singInPost
DA:2,11
DA:3,11
DA:5,11
DA:6,5
DA:8,5
DA:9,5
DA:11,3
DA:13,2
LF:8
LH:8
BRF:0
BRH:0
end_of_record
TN:
SF:src/controllers/bookings-controller.ts
FN:10,showBooking
FN:20,createBooking
FN:33,alterBooking
FNF:3
FNH:3
FNDA:2,showBooking
FNDA:10,createBooking
FNDA:7,alterBooking
DA:2,11
DA:4,11
DA:6,11
DA:7,11
DA:10,11
DA:11,2
DA:12,2
DA:13,2
DA:14,1
DA:16,1
DA:20,11
DA:21,10
DA:22,10
DA:23,8
DA:24,8
DA:25,3
DA:26,3
DA:27,1
DA:29,9
DA:33,11
DA:34,7
DA:35,7
DA:36,5
DA:37,5
DA:38,5
DA:39,5
DA:40,1
DA:42,6
LF:28
LH:28
BRDA:22,0,0,2
BRDA:22,1,0,10
BRDA:22,1,1,9
BRDA:35,2,0,2
BRDA:35,3,0,7
BRDA:35,3,1,7
BRDA:35,3,2,6
BRF:7
BRH:7
end_of_record
TN:
SF:src/controllers/enrollments-controller.ts
FN:6,getEnrollmentByUser
FN:18,postCreateOrUpdateEnrollment
FN:31,getAddressFromCEP
FNF:3
FNH:3
FNDA:2,getEnrollmentByUser
FNDA:2,postCreateOrUpdateEnrollment
FNDA:2,getAddressFromCEP
DA:2,11
DA:4,11
DA:6,11
DA:7,2
DA:9,2
DA:10,2
DA:12,1
DA:14,1
DA:18,11
DA:19,2
DA:20,2
DA:25,2
DA:27,0
DA:31,11
DA:32,2
DA:34,2
DA:35,2
DA:36,1
DA:38,1
DA:39,1
LF:20
LH:19
BRDA:38,0,0,1
BRF:1
BRH:1
end_of_record
TN:
SF:src/controllers/events-controller.ts
FN:5,getDefaultEvent
FNF:1
FNH:1
FNDA:2,getDefaultEvent
DA:2,11
DA:3,11
DA:5,11
DA:6,2
DA:7,2
DA:8,1
DA:10,1
LF:7
LH:7
BRF:0
BRH:0
end_of_record
TN:
SF:src/controllers/hotels-controller.ts
FN:8,getAllHotels
FN:19,getHotelRooms
FNF:2
FNH:2
FNDA:7,getAllHotels
FNDA:7,getHotelRooms
DA:2,11
DA:5,11
DA:8,11
DA:9,7
DA:10,7
DA:11,7
DA:12,2
DA:13,1
DA:15,6
DA:19,11
DA:20,7
DA:21,7
DA:22,7
DA:23,7
DA:24,2
DA:25,1
DA:27,6
LF:17
LH:17
BRF:0
BRH:0
end_of_record
TN:
SF:src/controllers/index.ts
FNF:0
FNH:0
DA:1,11
DA:2,11
DA:3,11
DA:4,11
DA:5,11
DA:6,11
DA:7,11
DA:8,11
LF:8
LH:8
BRF:0
BRH:0
end_of_record
TN:
SF:src/controllers/payments-controller.ts
FN:9,getPaymentInfo
FN:21,payTicket
FNF:2
FNH:2
FNDA:4,getPaymentInfo
FNDA:7,payTicket
DA:3,11
DA:4,11
DA:6,11
DA:9,11
DA:10,4
DA:11,4
DA:12,3
DA:13,3
DA:14,3
DA:15,1
DA:17,3
DA:21,11
DA:22,7
DA:23,7
DA:24,5
DA:25,5
DA:26,5
DA:27,5
DA:28,3
DA:30,4
LF:20
LH:20
BRDA:11,0,0,1
BRDA:23,1,0,2
BRDA:23,2,0,7
BRDA:23,2,1,6
BRF:4
BRH:4
end_of_record
TN:
SF:src/controllers/tickets-controller.ts
FN:9,getTicketTypes
FN:18,getUserTickets
FN:28,createUserTicket
FNF:3
FNH:3
FNDA:2,getTicketTypes
FNDA:3,getUserTickets
FNDA:4,createUserTicket
DA:2,11
DA:4,11
DA:5,11
DA:9,11
DA:10,2
DA:11,2
DA:12,2
DA:14,0
DA:18,11
DA:19,3
DA:20,3
DA:21,3
DA:22,1
DA:24,2
DA:28,11
DA:29,4
DA:30,4
DA:31,3
DA:32,3
DA:33,3
DA:34,2
DA:36,2
LF:22
LH:21
BRDA:30,0,0,1
BRF:1
BRH:1
end_of_record
TN:
SF:src/controllers/users-controller.ts
FN:5,usersPost
FNF:1
FNH:1
FNDA:6,usersPost
DA:2,11
DA:3,11
DA:5,11
DA:6,6
DA:8,6
DA:9,6
DA:10,3
DA:15,3
DA:16,1
DA:18,2
LF:10
LH:10
BRDA:15,0,0,1
BRF:1
BRH:1
end_of_record
TN:
SF:src/errors/bad-request-error.ts
FN:3,badRequestError
FNF:1
FNH:1
FNDA:8,badRequestError
DA:3,11
DA:4,8
LF:2
LH:2
BRF:0
BRH:0
end_of_record
TN:
SF:src/errors/cannot-enroll-before-start-date-error.ts
FN:3,cannotEnrollBeforeStartDateError
FNF:1
FNH:1
FNDA:2,cannotEnrollBeforeStartDateError
DA:3,11
DA:4,2
LF:2
LH:2
BRF:0
BRH:0
end_of_record
TN:
SF:src/errors/conflict-error.ts
FN:3,conflictError
FNF:1
FNH:0
FNDA:0,conflictError
DA:3,11
DA:4,0
LF:2
LH:1
BRF:0
BRH:0
end_of_record
TN:
SF:src/errors/forbidden-error.ts
FN:3,forbiddenError
FNF:1
FNH:1
FNDA:4,forbiddenError
DA:3,11
DA:4,4
LF:2
LH:2
BRF:0
BRH:0
end_of_record
TN:
SF:src/errors/index.ts
FNF:0
FNH:0
DA:1,11
DA:2,11
DA:3,11
DA:4,11
DA:5,11
DA:6,11
DA:7,11
LF:7
LH:7
BRF:0
BRH:0
end_of_record
TN:
SF:src/errors/invalid-data-error.ts
FN:3,invalidDataError
FNF:1
FNH:1
FNDA:7,invalidDataError
DA:3,11
DA:4,7
LF:2
LH:2
BRF:0
BRH:0
end_of_record
TN:
SF:src/errors/invalid-email-error.ts
FN:3,invalidEmailError
FNF:1
FNH:0
FNDA:0,invalidEmailError
DA:3,11
DA:4,0
LF:2
LH:1
BRF:0
BRH:0
end_of_record
TN:
SF:src/errors/not-found-error.ts
FN:3,notFoundError
FNF:1
FNH:1
FNDA:19,notFoundError
DA:3,11
DA:4,19
LF:2
LH:2
BRF:0
BRH:0
end_of_record
TN:
SF:src/errors/payment-required-error.ts
FN:3,paymentRequiredError
FNF:1
FNH:1
FNDA:9,paymentRequiredError
DA:3,11
DA:4,9
LF:2
LH:2
BRF:0
BRH:0
end_of_record
TN:
SF:src/errors/request-error.ts
FN:3,requestError
FNF:1
FNH:1
FNDA:1,requestError
DA:3,11
DA:4,1
LF:2
LH:2
BRF:0
BRH:0
end_of_record
TN:
SF:src/errors/unauthorized-error.ts
FN:3,unauthorizedError
FNF:1
FNH:1
FNDA:38,unauthorizedError
DA:3,11
DA:4,38
LF:2
LH:2
BRF:0
BRH:0
end_of_record
TN:
SF:src/middlewares/authentication-middleware.ts
FN:8,authenticateToken
FN:33,generateUnauthorizedResponse
FNF:2
FNH:2
FNDA:96,authenticateToken
FNDA:36,generateUnauthorizedResponse
DA:2,11
DA:3,11
DA:5,11
DA:6,11
DA:8,11
DA:9,96
DA:10,96
DA:12,84
DA:13,84
DA:15,84
DA:16,84
DA:18,72
DA:23,72
DA:25,60
DA:27,60
DA:29,12
DA:34,36
LF:17
LH:17
BRDA:10,0,0,12
BRDA:13,1,0,0
BRDA:23,2,0,12
BRF:3
BRH:2
end_of_record
TN:
SF:src/middlewares/error-handling-middleware.ts
FN:5,handleApplicationErrors
FNF:1
FNH:1
FNDA:39,handleApplicationErrors
DA:2,11
DA:5,11
DA:11,39
DA:12,8
DA:17,31
DA:18,0
DA:23,31
DA:24,0
DA:29,31
DA:30,2
DA:35,29
DA:36,16
DA:41,13
DA:42,9
DA:47,4
DA:48,4
DA:54,0
DA:55,0
LF:18
LH:14
BRDA:11,0,0,8
BRDA:11,1,0,39
BRDA:11,1,1,39
BRDA:17,2,0,0
BRDA:17,3,0,31
BRDA:17,3,1,31
BRDA:23,4,0,0
BRDA:29,5,0,2
BRDA:35,6,0,16
BRDA:41,7,0,9
BRDA:47,8,0,4
BRF:11
BRH:9
end_of_record
TN:
SF:src/middlewares/index.ts
FNF:0
FNH:0
DA:1,11
DA:2,11
DA:3,11
LF:3
LH:3
BRF:0
BRH:0
end_of_record
TN:
SF:src/middlewares/validation-middleware.ts
FN:6,validateBody
FN:10,validateParams
FN:14,validate
FN:15,(anonymous_4)
FN:23,(anonymous_5)
FNF:5
FNH:4
FNDA:33,validateBody
FNDA:0,validateParams
FNDA:33,validate
FNDA:20,(anonymous_4)
FNDA:23,(anonymous_5)
DA:2,11
DA:4,11
DA:6,11
DA:7,33
DA:10,11
DA:11,0
DA:15,33
DA:16,20
DA:20,20
DA:21,13
DA:23,23
LF:11
LH:10
BRDA:20,0,0,13
BRDA:20,0,1,7
BRF:2
BRH:2
end_of_record
TN:
SF:src/repositories/address-repository/index.ts
FN:4,upsert
FNF:1
FNH:1
FNDA:2,upsert
DA:2,11
DA:5,2
DA:20,11
DA:24,11
LF:4
LH:4
BRF:0
BRH:0
end_of_record
TN:
SF:src/repositories/booking-repository/index.ts
FN:5,getBooking
FN:23,verifyRoom
FN:37,bookRoom
FN:48,verifyBooking
FN:58,changeBookedRoom
FNF:5
FNH:5
FNDA:2,getBooking
FNDA:6,verifyRoom
FNDA:1,bookRoom
FNDA:5,verifyBooking
FNDA:1,changeBookedRoom
DA:2,11
DA:6,2
DA:20,2
DA:24,6
DA:34,6
DA:38,1
DA:45,1
DA:49,5
DA:54,5
DA:55,4
DA:59,1
DA:69,11
DA:77,11
LF:13
LH:13
BRDA:54,0,0,1
BRF:1
BRH:1
end_of_record
TN:
SF:src/repositories/enrollment-repository/index.ts
FN:4,findWithAddressByUserId
FN:13,upsert
FNF:2
FNH:2
FNDA:2,findWithAddressByUserId
FNDA:2,upsert
DA:2,11
DA:5,2
DA:18,2
DA:30,11
DA:35,11
LF:5
LH:5
BRF:0
BRH:0
end_of_record
TN:
SF:src/repositories/event-repository/index.ts
FN:3,findFirst
FNF:1
FNH:1
FNDA:11,findFirst
DA:1,11
DA:4,11
DA:7,11
DA:11,11
LF:4
LH:4
BRF:0
BRH:0
end_of_record
TN:
SF:src/repositories/hotel-repository/index.ts
FN:5,getHotels
FN:10,getHotelRooms
FNF:2
FNH:2
FNDA:2,getHotels
FNDA:2,getHotelRooms
DA:2,11
DA:6,2
DA:7,2
DA:11,2
DA:25,2
DA:28,11
DA:33,11
LF:7
LH:7
BRF:0
BRH:0
end_of_record
TN:
SF:src/repositories/payment-repository/index.ts
FN:4,getPaymentInfo
FN:12,verifyPayerId
FN:33,getTicketPrice
FN:47,postPayment
FNF:4
FNH:4
FNDA:1,getPaymentInfo
FNDA:8,verifyPayerId
FNDA:3,getTicketPrice
FNDA:3,postPayment
DA:2,11
DA:5,1
DA:13,8
DA:18,8
DA:19,2
DA:21,6
DA:26,6
DA:27,4
DA:29,2
DA:34,3
DA:39,3
DA:44,3
DA:53,3
DA:61,3
DA:69,3
DA:76,11
DA:83,11
LF:17
LH:17
BRDA:18,0,0,2
BRDA:26,1,0,4
BRDA:26,1,1,2
BRF:3
BRH:3
end_of_record
TN:
SF:src/repositories/session-repository/index.ts
FN:4,create
FNF:1
FNH:1
FNDA:5,create
DA:2,11
DA:5,5
DA:10,11
DA:14,11
LF:4
LH:4
BRF:0
BRH:0
end_of_record
TN:
SF:src/repositories/ticket-repository/index.ts
FN:5,getAllTicketTypes
FN:10,getEnrollment
FN:21,getUserTicket
FN:41,postUserTicket
FNF:4
FNH:4
FNDA:2,getAllTicketTypes
FNDA:28,getEnrollment
FNDA:23,getUserTicket
FNDA:2,postUserTicket
DA:2,11
DA:6,2
DA:7,2
DA:11,28
DA:17,28
DA:18,23
DA:22,23
DA:37,23
DA:38,19
DA:42,2
DA:58,2
DA:61,11
DA:68,11
LF:13
LH:13
BRDA:17,0,0,5
BRDA:37,1,0,4
BRF:2
BRH:2
end_of_record
TN:
SF:src/repositories/user-repository/index.ts
FN:4,findByEmail
FN:18,create
FNF:2
FNH:2
FNDA:16,findByEmail
FNDA:5,create
DA:2,11
DA:5,16
DA:11,16
DA:12,9
DA:15,16
DA:19,5
DA:24,11
DA:29,11
LF:8
LH:8
BRDA:11,0,0,9
BRF:1
BRH:1
end_of_record
TN:
SF:src/routers/authentication-router.ts
FNF:0
FNH:0
DA:1,11
DA:2,11
DA:3,11
DA:4,11
DA:6,11
DA:8,11
DA:10,11
LF:7
LH:7
BRF:0
BRH:0
end_of_record
TN:
SF:src/routers/bookings-router.ts
FNF:0
FNH:0
DA:1,11
DA:2,11
DA:3,11
DA:5,11
DA:7,11
DA:8,11
DA:9,11
DA:11,11
LF:8
LH:8
BRF:0
BRH:0
end_of_record
TN:
SF:src/routers/enrollments-router.ts
FNF:0
FNH:0
DA:1,11
DA:2,11
DA:3,11
DA:4,11
DA:6,11
DA:8,11
DA:14,11
LF:7
LH:7
BRF:0
BRH:0
end_of_record
TN:
SF:src/routers/events-router.ts
FNF:0
FNH:0
DA:1,11
DA:2,11
DA:4,11
DA:6,11
DA:8,11
LF:5
LH:5
BRF:0
BRH:0
end_of_record
TN:
SF:src/routers/hotels-router.ts
FNF:0
FNH:0
DA:1,11
DA:2,11
DA:3,11
DA:5,11
DA:7,11
DA:8,11
DA:10,11
LF:7
LH:7
BRF:0
BRH:0
end_of_record
TN:
SF:src/routers/index.ts
FNF:0
FNH:0
DA:1,11
DA:2,11
DA:3,11
DA:4,11
DA:5,11
DA:6,11
DA:7,11
LF:7
LH:7
BRF:0
BRH:0
end_of_record
TN:
SF:src/routers/payments-router.ts
FNF:0
FNH:0
DA:1,11
DA:2,11
DA:3,11
DA:5,11
DA:7,11
DA:8,11
DA:10,11
LF:7
LH:7
BRF:0
BRH:0
end_of_record
TN:
SF:src/routers/tickets-router.ts
FNF:0
FNH:0
DA:1,11
DA:2,11
DA:3,11
DA:5,11
DA:7,11
DA:8,11
DA:9,11
DA:11,11
LF:8
LH:8
BRF:0
BRH:0
end_of_record
TN:
SF:src/routers/users-router.ts
FNF:0
FNH:0
DA:1,11
DA:3,11
DA:4,11
DA:5,11
DA:7,11
DA:9,11
DA:11,11
LF:7
LH:7
BRF:0
BRH:0
end_of_record
TN:
SF:src/schemas/authentication-schemas.ts
FNF:0
FNH:0
DA:1,14
DA:4,14
LF:2
LH:2
BRF:0
BRH:0
end_of_record
TN:
SF:src/schemas/enrollments-schemas.ts
FN:23,(anonymous_1)
FN:30,joiCpfValidation
FN:40,JoiCepValidation
FN:50,joiMobilePhoneValidation
FNF:4
FNH:4
FNDA:378,(anonymous_1)
FNDA:29,joiCpfValidation
FNDA:19,JoiCepValidation
FNDA:23,joiMobilePhoneValidation
DA:1,14
DA:2,14
DA:5,14
DA:7,14
DA:9,14
DA:11,14
DA:23,378
DA:31,29
DA:33,29
DA:34,1
DA:37,28
DA:41,19
DA:43,19
DA:44,1
DA:47,18
DA:51,23
DA:53,23
DA:54,0
DA:57,23
LF:19
LH:18
BRDA:31,0,0,0
BRDA:33,1,0,1
BRDA:41,2,0,0
BRDA:43,3,0,1
BRDA:51,4,0,0
BRDA:53,5,0,0
BRF:6
BRH:2
end_of_record
TN:
SF:src/schemas/index.ts
FNF:0
FNH:0
DA:1,14
DA:2,14
DA:3,14
LF:3
LH:3
BRF:0
BRH:0
end_of_record
TN:
SF:src/schemas/users-schemas.ts
FNF:0
FNH:0
DA:1,14
DA:4,14
LF:2
LH:2
BRF:0
BRH:0
end_of_record
TN:
SF:src/services/index.ts
FNF:0
FNH:0
DA:1,0
DA:2,0
DA:3,0
DA:4,0
DA:5,0
DA:6,0
DA:7,0
DA:8,0
LF:8
LH:0
BRF:0
BRH:0
end_of_record
TN:
SF:src/services/authentication-service/errors.ts
FN:3,invalidCredentialsError
FNF:1
FNH:1
FNDA:6,invalidCredentialsError
DA:3,11
DA:4,6
LF:2
LH:2
BRF:0
BRH:0
end_of_record
TN:
SF:src/services/authentication-service/index.ts
FN:9,signIn
FN:24,getUserOrFail
FN:31,createSession
FN:41,validatePasswordOrFail
FNF:4
FNH:4
FNDA:9,signIn
FNDA:9,getUserOrFail
FNDA:5,createSession
FNDA:7,validatePasswordOrFail
DA:2,11
DA:3,11
DA:4,11
DA:5,11
DA:6,11
DA:7,11
DA:10,9
DA:12,9
DA:14,7
DA:16,5
DA:18,5
DA:25,9
DA:26,9
DA:28,7
DA:32,5
DA:33,5
DA:38,5
DA:42,7
DA:43,7
DA:55,11
DA:59,11
DA:60,11
LF:22
LH:22
BRDA:26,0,0,2
BRDA:43,1,0,2
BRF:2
BRH:2
end_of_record
TN:
SF:src/services/bookings-service/index.ts
FN:6,getBooking
FN:12,bookRoom
FN:20,alterBooking
FNF:3
FNH:3
FNDA:2,getBooking
FNDA:3,bookRoom
FNDA:5,alterBooking
DA:1,11
DA:2,11
DA:4,11
DA:7,2
DA:8,2
DA:9,1
DA:13,3
DA:14,3
DA:15,2
DA:16,1
DA:17,1
DA:21,5
DA:22,5
DA:23,3
DA:24,3
DA:25,2
DA:26,1
DA:29,11
DA:35,11
LF:19
LH:19
BRDA:8,0,0,1
BRDA:14,1,0,1
BRDA:15,2,0,1
BRDA:22,3,0,2
BRDA:22,4,0,5
BRDA:22,4,1,4
BRDA:24,5,0,1
BRDA:25,6,0,1
BRF:8
BRH:8
end_of_record
TN:
SF:src/services/enrollments-service/index.ts
FN:9,getAddressFromCEP
FN:29,getOneWithAddressByUserId
FN:45,getFirstAddress
FN:53,createOrUpdateEnrollmentWithAddress
FN:68,getAddressForUpsert
FNF:5
FNH:5
FNDA:4,getAddressFromCEP
FNDA:2,getOneWithAddressByUserId
FNDA:1,getFirstAddress
FNDA:2,createOrUpdateEnrollmentWithAddress
FNDA:2,getAddressForUpsert
DA:2,11
DA:3,11
DA:4,11
DA:5,11
DA:6,11
DA:10,4
DA:12,4
DA:13,1
DA:16,3
DA:18,3
DA:26,3
DA:30,2
DA:32,2
DA:34,1
DA:35,1
DA:37,1
DA:46,1
DA:48,1
DA:54,2
DA:55,2
DA:57,2
DA:58,2
DA:60,0
DA:63,2
DA:65,2
DA:69,2
DA:79,11
DA:85,11
LF:28
LH:27
BRDA:12,0,0,1
BRDA:12,1,0,4
BRDA:12,1,1,3
BRDA:32,2,0,1
BRDA:39,3,0,1
BRDA:39,3,1,1
BRDA:46,4,0,0
BRDA:71,5,0,2
BRDA:71,5,1,2
BRF:9
BRH:8
end_of_record
TN:
SF:src/services/events-service/index.ts
FN:7,getFirstEvent
FN:16,isCurrentEventActive
FNF:2
FNH:2
FNDA:2,getFirstEvent
FNDA:9,isCurrentEventActive
DA:2,11
DA:3,11
DA:4,11
DA:5,11
DA:8,2
DA:9,2
DA:11,1
DA:17,9
DA:18,9
DA:20,8
DA:21,8
DA:22,8
DA:24,8
DA:27,11
DA:32,11
LF:15
LH:15
BRDA:9,0,0,1
BRDA:18,1,0,1
BRDA:24,2,0,8
BRDA:24,2,1,7
BRF:4
BRH:4
end_of_record
TN:
SF:src/services/hotels-service/index.ts
FN:8,verification
FN:17,getHotels
FN:23,getHotelRooms
FNF:3
FNH:3
FNDA:22,verification
FNDA:2,getHotels
FNDA:2,getHotelRooms
DA:2,11
DA:3,11
DA:4,11
DA:6,11
DA:9,22
DA:10,22
DA:11,19
DA:12,19
DA:13,16
DA:14,9
DA:18,2
DA:19,2
DA:20,1
DA:24,2
DA:25,2
DA:27,1
DA:30,11
DA:36,11
LF:18
LH:18
BRDA:10,0,0,3
BRDA:12,1,0,3
BRDA:13,2,0,9
BRDA:13,3,0,16
BRDA:13,3,1,13
BRDA:13,3,2,10
BRDA:19,4,0,1
BRDA:25,5,0,1
BRF:8
BRH:8
end_of_record
TN:
SF:src/services/payments-service/index.ts
FN:6,getPaymentInfo
FN:17,payTicket
FNF:2
FNH:2
FNDA:3,getPaymentInfo
FNDA:5,payTicket
DA:2,11
DA:4,11
DA:7,3
DA:8,3
DA:9,2
DA:11,1
DA:12,1
DA:14,1
DA:18,5
DA:19,5
DA:20,4
DA:22,3
DA:23,3
DA:24,3
DA:31,3
DA:34,11
DA:39,11
LF:17
LH:17
BRDA:8,0,0,1
BRDA:9,1,0,1
BRDA:12,2,0,0
BRDA:19,3,0,1
BRDA:20,4,0,1
BRDA:23,5,0,0
BRF:6
BRH:4
end_of_record
TN:
SF:src/services/tickets-service/index.ts
FN:6,getTicketTypes
FN:11,getUserTicket
FN:20,createUserTicket
FNF:3
FNH:3
FNDA:2,getTicketTypes
FNDA:3,getUserTicket
FNDA:3,createUserTicket
DA:2,11
DA:4,11
DA:7,2
DA:8,2
DA:12,3
DA:13,3
DA:14,2
DA:15,2
DA:17,1
DA:21,3
DA:22,3
DA:23,2
DA:25,2
DA:28,11
DA:34,11
LF:15
LH:15
BRDA:13,0,0,1
BRDA:15,1,0,1
BRDA:22,2,0,1
BRF:3
BRH:3
end_of_record
TN:
SF:src/services/users-service/errors.ts
FN:3,duplicatedEmailError
FNF:1
FNH:1
FNDA:4,duplicatedEmailError
DA:3,11
DA:4,4
LF:2
LH:2
BRF:0
BRH:0
end_of_record
TN:
SF:src/services/users-service/index.ts
FN:8,createUser
FN:20,validateUniqueEmailOrFail
FN:27,canEnrollOrFail
FNF:3
FNH:3
FNDA:9,createUser
FNDA:7,validateUniqueEmailOrFail
FNDA:9,canEnrollOrFail
DA:2,11
DA:3,11
DA:4,11
DA:5,11
DA:6,11
DA:8,11
DA:9,9
DA:11,7
DA:13,5
DA:14,5
DA:21,7
DA:22,7
DA:23,2
DA:28,9
DA:29,9
DA:30,2
DA:36,11
DA:40,11
DA:41,11
LF:19
LH:19
BRDA:22,0,0,2
BRDA:29,1,0,2
BRF:2
BRH:2
end_of_record
TN:
SF:src/utils/prisma-utils.ts
FN:1,exclude
FNF:1
FNH:1
FNDA:12,exclude
DA:1,11
DA:2,12
DA:3,12
DA:4,18
DA:6,12
LF:5
LH:5
BRF:0
BRH:0
end_of_record
TN:
SF:src/utils/request.ts
FN:4,get
FNF:1
FNH:1
FNDA:4,get
DA:1,11
DA:2,11
DA:5,4
DA:6,4
DA:7,3
DA:9,1
DA:11,1
DA:15,11
LF:8
LH:8
BRF:0
BRH:0
end_of_record
